[06/Dec/2020:12:20:59] (I): WordPress Instance Info:
[06/Dec/2020:12:20:59] (I): Home URL : http://192.168.0.25
[06/Dec/2020:12:20:59] (I): Site URL : http://192.168.0.25
[06/Dec/2020:12:20:59] (I): WordPress Version : 5.5.3
[06/Dec/2020:12:20:59] (I): Onboarding Version : 1.1.0
[06/Dec/2020:12:20:59] (I): Multisite : No
[06/Dec/2020:12:20:59] (I): Server Info : Apache/2.4.38 (Debian)
[06/Dec/2020:12:20:59] (I): PHP Version : 7.4.13
[06/Dec/2020:12:20:59] (I): HTTPS : No
[06/Dec/2020:12:20:59] (I): PHP Max Execution Time : 30
[06/Dec/2020:12:20:59] (I): PHP Max Input Vars : 1000
[06/Dec/2020:12:20:59] (I): Max Upload Size : 2097152
[06/Dec/2020:12:20:59] (I): Plugins:
[06/Dec/2020:12:20:59] (I): [PLUGIN] Elementor : v3.0.14 (Elementor.com)
[06/Dec/2020:12:20:59] (I): [PLUGIN] Templates Patterns Collection : v1.1.0 (ThemeIsle)
[06/Dec/2020:12:20:59] (I): [PLUGIN] Orbit Fox Companion : v2.10.0 (Themeisle)
[06/Dec/2020:12:20:59] (P): Saving remote XML
[06/Dec/2020:12:21:00] (S): Saved remote XML at path /var/www/html/wp-content/uploads/themeisle-demo-import.xml.
[06/Dec/2020:12:21:00] (P): Starting content import...
[06/Dec/2020:12:21:00] (S): Import started.
[06/Dec/2020:12:21:00] (S): Parsing XML file.
[06/Dec/2020:12:21:00] (P): Starting parsing file:/var/www/html/wp-content/uploads/themeisle-demo-import.xml
[06/Dec/2020:12:21:00] (P): Using WXR_Parser_SimpleXML...
[06/Dec/2020:12:21:00] (S): Parsed XML
[06/Dec/2020:12:21:00] (P): Processing categories...
[06/Dec/2020:12:21:00] (S): Processed categories.
[06/Dec/2020:12:21:00] (P): Processing tags...
[06/Dec/2020:12:21:00] (S): No tags to process.
[06/Dec/2020:12:21:00] (P): Processing terms...
[06/Dec/2020:12:21:00] (S): Processed terms.
[06/Dec/2020:12:21:00] (P): Processing posts...
[06/Dec/2020:12:21:00] (P): Processing attachment: https://s33834.pcdn.co/wedding/wp-content/uploads/sites/214/2019/07/neve-wedding-01.jpg...
[06/Dec/2020:12:21:00] (P): Fetching attachment from url: https://s33834.pcdn.co/wedding/wp-content/uploads/sites/214/2019/07/neve-wedding-01.jpg...
[06/Dec/2020:12:21:01] (S): Fetched remote attachment.
[06/Dec/2020:12:21:01] (P): Inserting attachment...
[06/Dec/2020:12:21:01] (S): Attachment inserted
[06/Dec/2020:12:21:01] (S): Processed attachment.
[06/Dec/2020:12:21:01] (P): Processing attachment: https://s33834.pcdn.co/wedding/wp-content/uploads/sites/214/2019/07/neve-wedding-02.jpg...
[06/Dec/2020:12:21:01] (P): Fetching attachment from url: https://s33834.pcdn.co/wedding/wp-content/uploads/sites/214/2019/07/neve-wedding-02.jpg...
[06/Dec/2020:12:21:01] (S): Fetched remote attachment.
[06/Dec/2020:12:21:01] (P): Inserting attachment...
[06/Dec/2020:12:21:02] (S): Attachment inserted
[06/Dec/2020:12:21:02] (S): Processed attachment.
[06/Dec/2020:12:21:02] (P): Processing attachment: https://s33834.pcdn.co/wedding/wp-content/uploads/sites/214/2019/07/neve-wedding-03.jpg...
[06/Dec/2020:12:21:02] (P): Fetching attachment from url: https://s33834.pcdn.co/wedding/wp-content/uploads/sites/214/2019/07/neve-wedding-03.jpg...
[06/Dec/2020:12:21:02] (S): Fetched remote attachment.
[06/Dec/2020:12:21:02] (P): Inserting attachment...
[06/Dec/2020:12:21:02] (S): Attachment inserted
[06/Dec/2020:12:21:02] (S): Processed attachment.
[06/Dec/2020:12:21:02] (P): Processing attachment: https://s33834.pcdn.co/wedding/wp-content/uploads/sites/214/2019/07/neve-wedding-04.jpg...
[06/Dec/2020:12:21:02] (P): Fetching attachment from url: https://s33834.pcdn.co/wedding/wp-content/uploads/sites/214/2019/07/neve-wedding-04.jpg...
[06/Dec/2020:12:21:02] (S): Fetched remote attachment.
[06/Dec/2020:12:21:02] (P): Inserting attachment...
[06/Dec/2020:12:21:03] (S): Attachment inserted
[06/Dec/2020:12:21:03] (S): Processed attachment.
[06/Dec/2020:12:21:03] (P): Processing attachment: https://s33834.pcdn.co/wedding/wp-content/uploads/sites/214/2019/07/neve-wedding-05.jpg...
[06/Dec/2020:12:21:03] (P): Fetching attachment from url: https://s33834.pcdn.co/wedding/wp-content/uploads/sites/214/2019/07/neve-wedding-05.jpg...
[06/Dec/2020:12:21:03] (S): Fetched remote attachment.
[06/Dec/2020:12:21:03] (P): Inserting attachment...
[06/Dec/2020:12:21:03] (S): Attachment inserted
[06/Dec/2020:12:21:03] (S): Processed attachment.
[06/Dec/2020:12:21:03] (P): Processing attachment: https://s33834.pcdn.co/wedding/wp-content/uploads/sites/214/2019/07/neve-wedding-06.jpg...
[06/Dec/2020:12:21:03] (P): Fetching attachment from url: https://s33834.pcdn.co/wedding/wp-content/uploads/sites/214/2019/07/neve-wedding-06.jpg...
[06/Dec/2020:12:21:04] (S): Fetched remote attachment.
[06/Dec/2020:12:21:04] (P): Inserting attachment...
[06/Dec/2020:12:21:04] (S): Attachment inserted
[06/Dec/2020:12:21:04] (S): Processed attachment.
[06/Dec/2020:12:21:04] (P): Processing attachment: https://s33834.pcdn.co/wedding/wp-content/uploads/sites/214/2019/07/neve-wedding-07.jpg...
[06/Dec/2020:12:21:04] (P): Fetching attachment from url: https://s33834.pcdn.co/wedding/wp-content/uploads/sites/214/2019/07/neve-wedding-07.jpg...
[06/Dec/2020:12:21:04] (S): Fetched remote attachment.
[06/Dec/2020:12:21:04] (P): Inserting attachment...
[06/Dec/2020:12:21:05] (S): Attachment inserted
[06/Dec/2020:12:21:05] (S): Processed attachment.
[06/Dec/2020:12:21:05] (P): Processing attachment: https://s33834.pcdn.co/wedding/wp-content/uploads/sites/214/2019/07/neve-wedding-08.jpg...
[06/Dec/2020:12:21:05] (P): Fetching attachment from url: https://s33834.pcdn.co/wedding/wp-content/uploads/sites/214/2019/07/neve-wedding-08.jpg...
[06/Dec/2020:12:21:05] (S): Fetched remote attachment.
[06/Dec/2020:12:21:05] (P): Inserting attachment...
[06/Dec/2020:12:21:05] (S): Attachment inserted
[06/Dec/2020:12:21:05] (S): Processed attachment.
[06/Dec/2020:12:21:05] (P): Processing attachment: https://s33834.pcdn.co/wedding/wp-content/uploads/sites/214/2019/07/neve-wedding-09.jpg...
[06/Dec/2020:12:21:05] (P): Fetching attachment from url: https://s33834.pcdn.co/wedding/wp-content/uploads/sites/214/2019/07/neve-wedding-09.jpg...
[06/Dec/2020:12:21:06] (S): Fetched remote attachment.
[06/Dec/2020:12:21:06] (P): Inserting attachment...
[06/Dec/2020:12:21:06] (S): Attachment inserted
[06/Dec/2020:12:21:06] (S): Processed attachment.
[06/Dec/2020:12:21:06] (P): Processing attachment: https://s33834.pcdn.co/wedding/wp-content/uploads/sites/214/2019/07/neve-wedding-10.jpg...
[06/Dec/2020:12:21:06] (P): Fetching attachment from url: https://s33834.pcdn.co/wedding/wp-content/uploads/sites/214/2019/07/neve-wedding-10.jpg...
[06/Dec/2020:12:21:06] (S): Fetched remote attachment.
[06/Dec/2020:12:21:06] (P): Inserting attachment...
[06/Dec/2020:12:21:07] (S): Attachment inserted
[06/Dec/2020:12:21:07] (S): Processed attachment.
[06/Dec/2020:12:21:07] (P): Processing attachment: https://s33834.pcdn.co/wedding/wp-content/uploads/sites/214/2019/07/neve-wedding-11.jpg...
[06/Dec/2020:12:21:07] (P): Fetching attachment from url: https://s33834.pcdn.co/wedding/wp-content/uploads/sites/214/2019/07/neve-wedding-11.jpg...
[06/Dec/2020:12:21:07] (S): Fetched remote attachment.
[06/Dec/2020:12:21:07] (P): Inserting attachment...
[06/Dec/2020:12:21:07] (S): Attachment inserted
[06/Dec/2020:12:21:07] (S): Processed attachment.
[06/Dec/2020:12:21:07] (P): Processing attachment: https://s33834.pcdn.co/wedding/wp-content/uploads/sites/214/2019/07/neve-wedding-13.jpg...
[06/Dec/2020:12:21:07] (P): Fetching attachment from url: https://s33834.pcdn.co/wedding/wp-content/uploads/sites/214/2019/07/neve-wedding-13.jpg...
[06/Dec/2020:12:21:08] (S): Fetched remote attachment.
[06/Dec/2020:12:21:08] (P): Inserting attachment...
[06/Dec/2020:12:21:08] (S): Attachment inserted
[06/Dec/2020:12:21:08] (S): Processed attachment.
[06/Dec/2020:12:21:08] (P): Processing attachment: https://s33834.pcdn.co/wedding/wp-content/uploads/sites/214/2019/07/neve-wedding-14.jpg...
[06/Dec/2020:12:21:08] (P): Fetching attachment from url: https://s33834.pcdn.co/wedding/wp-content/uploads/sites/214/2019/07/neve-wedding-14.jpg...
[06/Dec/2020:12:21:08] (S): Fetched remote attachment.
[06/Dec/2020:12:21:08] (P): Inserting attachment...
[06/Dec/2020:12:21:08] (S): Attachment inserted
[06/Dec/2020:12:21:08] (S): Processed attachment.
[06/Dec/2020:12:21:08] (P): Processing attachment: https://s33834.pcdn.co/wedding/wp-content/uploads/sites/214/2019/07/neve-wedding-15.jpg...
[06/Dec/2020:12:21:08] (P): Fetching attachment from url: https://s33834.pcdn.co/wedding/wp-content/uploads/sites/214/2019/07/neve-wedding-15.jpg...
[06/Dec/2020:12:21:09] (S): Fetched remote attachment.
[06/Dec/2020:12:21:09] (P): Inserting attachment...
[06/Dec/2020:12:21:09] (S): Attachment inserted
[06/Dec/2020:12:21:09] (S): Processed attachment.
[06/Dec/2020:12:21:09] (P): Processing attachment: https://s33834.pcdn.co/wedding/wp-content/uploads/sites/214/2019/07/neve-wedding-16.jpg...
[06/Dec/2020:12:21:09] (P): Fetching attachment from url: https://s33834.pcdn.co/wedding/wp-content/uploads/sites/214/2019/07/neve-wedding-16.jpg...
[06/Dec/2020:12:21:09] (S): Fetched remote attachment.
[06/Dec/2020:12:21:09] (P): Inserting attachment...
[06/Dec/2020:12:21:10] (S): Attachment inserted
[06/Dec/2020:12:21:10] (S): Processed attachment.
[06/Dec/2020:12:21:10] (P): Processing attachment: https://s33834.pcdn.co/wedding/wp-content/uploads/sites/214/2019/07/neve-wedding-17.jpg...
[06/Dec/2020:12:21:10] (P): Fetching attachment from url: https://s33834.pcdn.co/wedding/wp-content/uploads/sites/214/2019/07/neve-wedding-17.jpg...
[06/Dec/2020:12:21:10] (S): Fetched remote attachment.
[06/Dec/2020:12:21:10] (P): Inserting attachment...
[06/Dec/2020:12:21:10] (S): Attachment inserted
[06/Dec/2020:12:21:10] (S): Processed attachment.
[06/Dec/2020:12:21:10] (P): Processing attachment: https://s33834.pcdn.co/wedding/wp-content/uploads/sites/214/2019/07/neve-wedding-18.jpg...
[06/Dec/2020:12:21:10] (P): Fetching attachment from url: https://s33834.pcdn.co/wedding/wp-content/uploads/sites/214/2019/07/neve-wedding-18.jpg...
[06/Dec/2020:12:21:11] (S): Fetched remote attachment.
[06/Dec/2020:12:21:11] (P): Inserting attachment...
[06/Dec/2020:12:21:11] (S): Attachment inserted
[06/Dec/2020:12:21:11] (S): Processed attachment.
[06/Dec/2020:12:21:11] (P): Processing attachment: https://s33834.pcdn.co/wedding/wp-content/uploads/sites/214/2019/07/neve-wedding-19.jpg...
[06/Dec/2020:12:21:11] (P): Fetching attachment from url: https://s33834.pcdn.co/wedding/wp-content/uploads/sites/214/2019/07/neve-wedding-19.jpg...
[06/Dec/2020:12:21:11] (S): Fetched remote attachment.
[06/Dec/2020:12:21:11] (P): Inserting attachment...
[06/Dec/2020:12:21:11] (S): Attachment inserted
[06/Dec/2020:12:21:11] (S): Processed attachment.
[06/Dec/2020:12:21:11] (P): Processing attachment: https://s33834.pcdn.co/wedding/wp-content/uploads/sites/214/2019/07/neve-wedding-20.jpg...
[06/Dec/2020:12:21:11] (P): Fetching attachment from url: https://s33834.pcdn.co/wedding/wp-content/uploads/sites/214/2019/07/neve-wedding-20.jpg...
[06/Dec/2020:12:21:12] (S): Fetched remote attachment.
[06/Dec/2020:12:21:12] (P): Inserting attachment...
[06/Dec/2020:12:21:12] (S): Attachment inserted
[06/Dec/2020:12:21:12] (S): Processed attachment.
[06/Dec/2020:12:21:12] (P): Processing attachment: https://s33834.pcdn.co/wedding/wp-content/uploads/sites/214/2019/07/neve-wedding-21.jpg...
[06/Dec/2020:12:21:12] (P): Fetching attachment from url: https://s33834.pcdn.co/wedding/wp-content/uploads/sites/214/2019/07/neve-wedding-21.jpg...
[06/Dec/2020:12:21:12] (S): Fetched remote attachment.
[06/Dec/2020:12:21:12] (P): Inserting attachment...
[06/Dec/2020:12:21:12] (S): Attachment inserted
[06/Dec/2020:12:21:12] (S): Processed attachment.
[06/Dec/2020:12:21:12] (P): Processing attachment: https://s33834.pcdn.co/wedding/wp-content/uploads/sites/214/2019/07/neve-wedding-22.jpg...
[06/Dec/2020:12:21:12] (P): Fetching attachment from url: https://s33834.pcdn.co/wedding/wp-content/uploads/sites/214/2019/07/neve-wedding-22.jpg...
[06/Dec/2020:12:21:13] (S): Fetched remote attachment.
[06/Dec/2020:12:21:13] (P): Inserting attachment...
[06/Dec/2020:12:21:13] (S): Attachment inserted
[06/Dec/2020:12:21:13] (S): Processed attachment.
[06/Dec/2020:12:21:13] (P): Processing attachment: https://s33834.pcdn.co/wedding/wp-content/uploads/sites/214/2019/07/neve-wedding-23.jpg...
[06/Dec/2020:12:21:13] (P): Fetching attachment from url: https://s33834.pcdn.co/wedding/wp-content/uploads/sites/214/2019/07/neve-wedding-23.jpg...
[06/Dec/2020:12:21:13] (S): Fetched remote attachment.
[06/Dec/2020:12:21:13] (P): Inserting attachment...
[06/Dec/2020:12:21:14] (S): Attachment inserted
[06/Dec/2020:12:21:14] (S): Processed attachment.
[06/Dec/2020:12:21:14] (P): Processing attachment: https://s33834.pcdn.co/wedding/wp-content/uploads/sites/214/2019/07/neve-wedding-24.jpg...
[06/Dec/2020:12:21:14] (P): Fetching attachment from url: https://s33834.pcdn.co/wedding/wp-content/uploads/sites/214/2019/07/neve-wedding-24.jpg...
[06/Dec/2020:12:21:14] (S): Fetched remote attachment.
[06/Dec/2020:12:21:14] (P): Inserting attachment...
[06/Dec/2020:12:21:14] (S): Attachment inserted
[06/Dec/2020:12:21:14] (S): Processed attachment.
[06/Dec/2020:12:21:14] (P): Processing attachment: https://s33834.pcdn.co/wedding/wp-content/uploads/sites/214/2019/07/neve-wedding-25.jpg...
[06/Dec/2020:12:21:14] (P): Fetching attachment from url: https://s33834.pcdn.co/wedding/wp-content/uploads/sites/214/2019/07/neve-wedding-25.jpg...
[06/Dec/2020:12:21:15] (S): Fetched remote attachment.
[06/Dec/2020:12:21:15] (P): Inserting attachment...
[06/Dec/2020:12:21:15] (S): Attachment inserted
[06/Dec/2020:12:21:15] (S): Processed attachment.
[06/Dec/2020:12:21:15] (P): Processing attachment: https://s33834.pcdn.co/wedding/wp-content/uploads/sites/214/2019/07/neve-wedding-26.jpg...
[06/Dec/2020:12:21:15] (P): Fetching attachment from url: https://s33834.pcdn.co/wedding/wp-content/uploads/sites/214/2019/07/neve-wedding-26.jpg...
[06/Dec/2020:12:21:16] (S): Fetched remote attachment.
[06/Dec/2020:12:21:16] (P): Inserting attachment...
[06/Dec/2020:12:21:16] (S): Attachment inserted
[06/Dec/2020:12:21:16] (S): Processed attachment.
[06/Dec/2020:12:21:16] (P): Processing attachment: https://s33834.pcdn.co/wedding/wp-content/uploads/sites/214/2019/07/neve-wedding-27.jpg...
[06/Dec/2020:12:21:16] (P): Fetching attachment from url: https://s33834.pcdn.co/wedding/wp-content/uploads/sites/214/2019/07/neve-wedding-27.jpg...
[06/Dec/2020:12:21:16] (S): Fetched remote attachment.
[06/Dec/2020:12:21:16] (P): Inserting attachment...
[06/Dec/2020:12:21:16] (S): Attachment inserted
[06/Dec/2020:12:21:16] (S): Processed attachment.
[06/Dec/2020:12:21:16] (P): Processing attachment: https://s33834.pcdn.co/wedding/wp-content/uploads/sites/214/2019/07/neve-wedding-28.jpg...
[06/Dec/2020:12:21:16] (P): Fetching attachment from url: https://s33834.pcdn.co/wedding/wp-content/uploads/sites/214/2019/07/neve-wedding-28.jpg...
[06/Dec/2020:12:21:17] (S): Fetched remote attachment.
[06/Dec/2020:12:21:17] (P): Inserting attachment...
[06/Dec/2020:12:21:17] (S): Attachment inserted
[06/Dec/2020:12:21:17] (S): Processed attachment.
[06/Dec/2020:12:21:17] (P): Processing attachment: https://s33834.pcdn.co/wedding/wp-content/uploads/sites/214/2019/07/neve-wedding-29.jpg...
[06/Dec/2020:12:21:17] (P): Fetching attachment from url: https://s33834.pcdn.co/wedding/wp-content/uploads/sites/214/2019/07/neve-wedding-29.jpg...
[06/Dec/2020:12:21:17] (S): Fetched remote attachment.
[06/Dec/2020:12:21:17] (P): Inserting attachment...
[06/Dec/2020:12:21:18] (S): Attachment inserted
[06/Dec/2020:12:21:18] (S): Processed attachment.
[06/Dec/2020:12:21:18] (P): Processing attachment: https://s33834.pcdn.co/wedding/wp-content/uploads/sites/214/2019/07/neve-wedding-30.jpg...
[06/Dec/2020:12:21:18] (P): Fetching attachment from url: https://s33834.pcdn.co/wedding/wp-content/uploads/sites/214/2019/07/neve-wedding-30.jpg...
[06/Dec/2020:12:21:18] (S): Fetched remote attachment.
[06/Dec/2020:12:21:18] (P): Inserting attachment...
[06/Dec/2020:12:21:18] (S): Attachment inserted
[06/Dec/2020:12:21:18] (S): Processed attachment.
[06/Dec/2020:12:21:18] (P): Processing attachment: https://s33834.pcdn.co/wedding/wp-content/uploads/sites/214/2019/07/neve-wedding-31.jpg...
[06/Dec/2020:12:21:18] (P): Fetching attachment from url: https://s33834.pcdn.co/wedding/wp-content/uploads/sites/214/2019/07/neve-wedding-31.jpg...
[06/Dec/2020:12:21:19] (S): Fetched remote attachment.
[06/Dec/2020:12:21:19] (P): Inserting attachment...
[06/Dec/2020:12:21:19] (S): Attachment inserted
[06/Dec/2020:12:21:19] (S): Processed attachment.
[06/Dec/2020:12:21:19] (P): Processing attachment: https://s33834.pcdn.co/wedding/wp-content/uploads/sites/214/2019/07/neve-wedding-32.jpg...
[06/Dec/2020:12:21:19] (P): Fetching attachment from url: https://s33834.pcdn.co/wedding/wp-content/uploads/sites/214/2019/07/neve-wedding-32.jpg...
[06/Dec/2020:12:21:20] (S): Fetched remote attachment.
[06/Dec/2020:12:21:20] (P): Inserting attachment...
[06/Dec/2020:12:21:20] (S): Attachment inserted
[06/Dec/2020:12:21:20] (S): Processed attachment.
[06/Dec/2020:12:21:20] (P): Processing attachment: https://s33834.pcdn.co/wedding/wp-content/uploads/sites/214/2019/07/neve-wedding-33.jpg...
[06/Dec/2020:12:21:20] (P): Fetching attachment from url: https://s33834.pcdn.co/wedding/wp-content/uploads/sites/214/2019/07/neve-wedding-33.jpg...
[06/Dec/2020:12:21:20] (S): Fetched remote attachment.
[06/Dec/2020:12:21:20] (P): Inserting attachment...
[06/Dec/2020:12:21:20] (S): Attachment inserted
[06/Dec/2020:12:21:20] (S): Processed attachment.
[06/Dec/2020:12:21:20] (P): Processing attachment: https://s33834.pcdn.co/wedding/wp-content/uploads/sites/214/2019/07/neve-wedding-34.jpg...
[06/Dec/2020:12:21:20] (P): Fetching attachment from url: https://s33834.pcdn.co/wedding/wp-content/uploads/sites/214/2019/07/neve-wedding-34.jpg...
[06/Dec/2020:12:21:20] (S): Fetched remote attachment.
[06/Dec/2020:12:21:20] (P): Inserting attachment...
[06/Dec/2020:12:21:21] (S): Attachment inserted
[06/Dec/2020:12:21:21] (S): Processed attachment.
[06/Dec/2020:12:21:21] (P): Processing attachment: https://s33834.pcdn.co/wedding/wp-content/uploads/sites/214/2019/07/neve-wedding-35.jpg...
[06/Dec/2020:12:21:21] (P): Fetching attachment from url: https://s33834.pcdn.co/wedding/wp-content/uploads/sites/214/2019/07/neve-wedding-35.jpg...
[06/Dec/2020:12:21:21] (S): Fetched remote attachment.
[06/Dec/2020:12:21:21] (P): Inserting attachment...
[06/Dec/2020:12:21:21] (S): Attachment inserted
[06/Dec/2020:12:21:21] (S): Processed attachment.
[06/Dec/2020:12:21:21] (P): Processing attachment: https://s33834.pcdn.co/wedding/wp-content/uploads/sites/214/2019/07/neve-wedding-36.jpg...
[06/Dec/2020:12:21:21] (P): Fetching attachment from url: https://s33834.pcdn.co/wedding/wp-content/uploads/sites/214/2019/07/neve-wedding-36.jpg...
[06/Dec/2020:12:21:21] (S): Fetched remote attachment.
[06/Dec/2020:12:21:21] (P): Inserting attachment...
[06/Dec/2020:12:21:21] (S): Attachment inserted
[06/Dec/2020:12:21:21] (S): Processed attachment.
[06/Dec/2020:12:21:21] (P): Processing attachment: https://s33834.pcdn.co/wedding/wp-content/uploads/sites/214/2019/07/neve-wedding-37.jpg...
[06/Dec/2020:12:21:21] (P): Fetching attachment from url: https://s33834.pcdn.co/wedding/wp-content/uploads/sites/214/2019/07/neve-wedding-37.jpg...
[06/Dec/2020:12:21:22] (S): Fetched remote attachment.
[06/Dec/2020:12:21:22] (P): Inserting attachment...
[06/Dec/2020:12:21:22] (S): Attachment inserted
[06/Dec/2020:12:21:22] (S): Processed attachment.
[06/Dec/2020:12:21:22] (P): Processing attachment: https://s33834.pcdn.co/wedding/wp-content/uploads/sites/214/2019/07/neve-wedding-38.jpg...
[06/Dec/2020:12:21:22] (P): Fetching attachment from url: https://s33834.pcdn.co/wedding/wp-content/uploads/sites/214/2019/07/neve-wedding-38.jpg...
[06/Dec/2020:12:21:22] (S): Fetched remote attachment.
[06/Dec/2020:12:21:22] (P): Inserting attachment...
[06/Dec/2020:12:21:22] (S): Attachment inserted
[06/Dec/2020:12:21:22] (S): Processed attachment.
[06/Dec/2020:12:21:22] (P): Processing attachment: https://s33834.pcdn.co/wedding/wp-content/uploads/sites/214/2019/07/neve-wedding-41.png...
[06/Dec/2020:12:21:22] (P): Fetching attachment from url: https://s33834.pcdn.co/wedding/wp-content/uploads/sites/214/2019/07/neve-wedding-41.png...
[06/Dec/2020:12:21:23] (S): Fetched remote attachment.
[06/Dec/2020:12:21:23] (P): Inserting attachment...
[06/Dec/2020:12:21:23] (S): Attachment inserted
[06/Dec/2020:12:21:23] (S): Processed attachment.
[06/Dec/2020:12:21:23] (P): Processing attachment: https://s33834.pcdn.co/wedding/wp-content/uploads/sites/214/2019/07/neve-wedding-40.1.png...
[06/Dec/2020:12:21:23] (P): Fetching attachment from url: https://s33834.pcdn.co/wedding/wp-content/uploads/sites/214/2019/07/neve-wedding-40.1.png...
[06/Dec/2020:12:21:24] (S): Fetched remote attachment.
[06/Dec/2020:12:21:24] (P): Inserting attachment...
[06/Dec/2020:12:21:24] (S): Attachment inserted
[06/Dec/2020:12:21:24] (S): Processed attachment.
[06/Dec/2020:12:21:24] (P): Processing attachment: https://s33834.pcdn.co/wedding/wp-content/uploads/sites/214/2019/07/neve-wedding-42.png...
[06/Dec/2020:12:21:24] (P): Fetching attachment from url: https://s33834.pcdn.co/wedding/wp-content/uploads/sites/214/2019/07/neve-wedding-42.png...
[06/Dec/2020:12:21:25] (S): Fetched remote attachment.
[06/Dec/2020:12:21:25] (P): Inserting attachment...
[06/Dec/2020:12:21:25] (S): Attachment inserted
[06/Dec/2020:12:21:25] (S): Processed attachment.
[06/Dec/2020:12:21:25] (P): Processing single menu item ' '...
[06/Dec/2020:12:21:25] (P): Processing single menu item ' '...
[06/Dec/2020:12:21:25] (P): Processing single menu item ' '...
[06/Dec/2020:12:21:25] (P): Processing single menu item ' '...
[06/Dec/2020:12:21:25] (P): Processing single menu item ' '...
[06/Dec/2020:12:21:25] (P): Processing attachment: https://s33834.pcdn.co/wedding/wp-content/uploads/sites/214/2019/07/neve-wedding-43.png...
[06/Dec/2020:12:21:25] (P): Fetching attachment from url: https://s33834.pcdn.co/wedding/wp-content/uploads/sites/214/2019/07/neve-wedding-43.png...
[06/Dec/2020:12:21:25] (S): Fetched remote attachment.
[06/Dec/2020:12:21:25] (P): Inserting attachment...
[06/Dec/2020:12:21:25] (S): Attachment inserted
[06/Dec/2020:12:21:25] (S): Processed attachment.
[06/Dec/2020:12:21:25] (P): Processing attachment: https://s33834.pcdn.co/wedding/wp-content/uploads/sites/214/2019/07/cropped-neve-wedding-logo.png...
[06/Dec/2020:12:21:25] (P): Fetching attachment from url: https://s33834.pcdn.co/wedding/wp-content/uploads/sites/214/2019/07/cropped-neve-wedding-logo.png...
[06/Dec/2020:12:21:26] (S): Fetched remote attachment.
[06/Dec/2020:12:21:26] (P): Inserting attachment...
[06/Dec/2020:12:21:26] (S): Attachment inserted
[06/Dec/2020:12:21:26] (S): Processed attachment.
[06/Dec/2020:12:21:26] (P): Processing attachment: https://s33834.pcdn.co/wedding/wp-content/uploads/sites/214/2019/07/cropped-neve-wedding-logo-1.png...
[06/Dec/2020:12:21:26] (P): Fetching attachment from url: https://s33834.pcdn.co/wedding/wp-content/uploads/sites/214/2019/07/cropped-neve-wedding-logo-1.png...
[06/Dec/2020:12:21:26] (S): Fetched remote attachment.
[06/Dec/2020:12:21:26] (P): Inserting attachment...
[06/Dec/2020:12:21:26] (S): Attachment inserted
[06/Dec/2020:12:21:26] (S): Processed attachment.
[06/Dec/2020:12:21:27] (P): Processing attachment: https://s33834.pcdn.co/wedding/wp-content/uploads/sites/214/2019/07/neve-wedding-logo.png...
[06/Dec/2020:12:21:27] (P): Fetching attachment from url: https://s33834.pcdn.co/wedding/wp-content/uploads/sites/214/2019/07/neve-wedding-logo.png...
[06/Dec/2020:12:21:27] (S): Fetched remote attachment.
[06/Dec/2020:12:21:27] (P): Inserting attachment...
[06/Dec/2020:12:21:27] (S): Attachment inserted
[06/Dec/2020:12:21:27] (S): Processed attachment.
[06/Dec/2020:12:21:27] (P): Processing attachment: https://s33834.pcdn.co/wedding/wp-content/uploads/sites/214/2019/07/cropped-neve-wedding-icon.png...
[06/Dec/2020:12:21:27] (P): Fetching attachment from url: https://s33834.pcdn.co/wedding/wp-content/uploads/sites/214/2019/07/cropped-neve-wedding-icon.png...
[06/Dec/2020:12:21:27] (S): Fetched remote attachment.
[06/Dec/2020:12:21:27] (P): Inserting attachment...
[06/Dec/2020:12:21:27] (S): Attachment inserted
[06/Dec/2020:12:21:27] (S): Processed attachment.
[06/Dec/2020:12:21:27] (P): Processing attachment: https://s33834.pcdn.co/wedding/wp-content/uploads/sites/214/2019/07/cropped-neve-wedding-icon-1.png...
[06/Dec/2020:12:21:27] (P): Fetching attachment from url: https://s33834.pcdn.co/wedding/wp-content/uploads/sites/214/2019/07/cropped-neve-wedding-icon-1.png...
[06/Dec/2020:12:21:28] (S): Fetched remote attachment.
[06/Dec/2020:12:21:28] (P): Inserting attachment...
[06/Dec/2020:12:21:28] (S): Attachment inserted
[06/Dec/2020:12:21:28] (S): Processed attachment.
[06/Dec/2020:12:21:28] (P): Processing attachment: https://s33834.pcdn.co/wedding/wp-content/uploads/sites/214/2019/07/neve-wedding-icon-2.png...
[06/Dec/2020:12:21:28] (P): Fetching attachment from url: https://s33834.pcdn.co/wedding/wp-content/uploads/sites/214/2019/07/neve-wedding-icon-2.png...
[06/Dec/2020:12:21:30] (S): Fetched remote attachment.
[06/Dec/2020:12:21:30] (P): Inserting attachment...
[06/Dec/2020:12:21:32] (S): Attachment inserted
[06/Dec/2020:12:21:32] (S): Processed attachment.
[06/Dec/2020:12:21:32] (P): Processing attachment: https://s33834.pcdn.co/wedding/wp-content/uploads/sites/214/2019/07/cropped-neve-wedding-icon-2.png...
[06/Dec/2020:12:21:32] (P): Fetching attachment from url: https://s33834.pcdn.co/wedding/wp-content/uploads/sites/214/2019/07/cropped-neve-wedding-icon-2.png...
[06/Dec/2020:12:21:33] (S): Fetched remote attachment.
[06/Dec/2020:12:21:33] (P): Inserting attachment...
[06/Dec/2020:12:21:33] (S): Attachment inserted
[06/Dec/2020:12:21:33] (S): Processed attachment.
[06/Dec/2020:12:21:33] (P): Processing attachment: https://s33834.pcdn.co/wedding/wp-content/uploads/sites/214/2019/07/cropped-neve-wedding-icon-2-1.png...
[06/Dec/2020:12:21:33] (P): Fetching attachment from url: https://s33834.pcdn.co/wedding/wp-content/uploads/sites/214/2019/07/cropped-neve-wedding-icon-2-1.png...
[06/Dec/2020:12:21:33] (S): Fetched remote attachment.
[06/Dec/2020:12:21:33] (P): Inserting attachment...
[06/Dec/2020:12:21:34] (S): Attachment inserted
[06/Dec/2020:12:21:34] (S): Processed attachment.
[06/Dec/2020:12:21:34] (P): Inserting post: Wedding location .
[06/Dec/2020:12:21:34] (S): Done inserting post: Wedding location .
[06/Dec/2020:12:21:34] (P): Inserting page: News .
[06/Dec/2020:12:21:34] (S): Done inserting page: News .
[06/Dec/2020:12:21:34] (P): Inserting post: Bridesmaids & Groomsmen .
[06/Dec/2020:12:21:34] (S): Done inserting post: Bridesmaids & Groomsmen .
[06/Dec/2020:12:21:34] (P): Inserting post: Final preparation .
[06/Dec/2020:12:21:34] (S): Done inserting post: Final preparation .
[06/Dec/2020:12:21:36] (P): Inserting page: Home .
[06/Dec/2020:12:21:36] (S): Done inserting page: Home .
[06/Dec/2020:12:21:36] (P): Filtering elementor meta...
[06/Dec/2020:12:21:36] (S): Filtered elementor meta.
[06/Dec/2020:12:21:36] (P): Inserting page: Contact .
[06/Dec/2020:12:21:36] (S): Done inserting page: Contact .
[06/Dec/2020:12:21:36] (P): Filtering elementor meta...
[06/Dec/2020:12:21:36] (S): Filtered elementor meta.
[06/Dec/2020:12:21:36] (P): Inserting page: Our story .
[06/Dec/2020:12:21:36] (S): Done inserting page: Our story .
[06/Dec/2020:12:21:36] (P): Filtering elementor meta...
[06/Dec/2020:12:21:36] (S): Filtered elementor meta.
[06/Dec/2020:12:21:36] (P): Inserting page: Location .
[06/Dec/2020:12:21:36] (S): Done inserting page: Location .
[06/Dec/2020:12:21:36] (P): Filtering elementor meta...
[06/Dec/2020:12:21:36] (S): Filtered elementor meta.
[06/Dec/2020:12:21:37] (P): Inserting page: Accommodation .
[06/Dec/2020:12:21:37] (S): Done inserting page: Accommodation .
[06/Dec/2020:12:21:37] (P): Filtering elementor meta...
[06/Dec/2020:12:21:37] (S): Filtered elementor meta.
[06/Dec/2020:12:21:37] (P): Processing single menu item ' '...
[06/Dec/2020:12:21:37] (S): Processed single menu item.
[06/Dec/2020:12:21:37] (S): Processed posts.
[06/Dec/2020:12:21:37] (P): Processing single menu item ' '...
[06/Dec/2020:12:21:38] (S): Processed single menu item.
[06/Dec/2020:12:21:38] (P): Processing single menu item ' '...
[06/Dec/2020:12:21:39] (S): Processed single menu item.
[06/Dec/2020:12:21:39] (P): Processing single menu item ' '...
[06/Dec/2020:12:21:39] (S): Processed single menu item.
[06/Dec/2020:12:21:39] (P): Processing single menu item ' '...
[06/Dec/2020:12:21:39] (S): Processed single menu item.
[06/Dec/2020:12:21:39] (P): Processing single menu item ' '...
[06/Dec/2020:12:21:39] (S): Processed single menu item.
[06/Dec/2020:12:21:42] (P): Cleaning up import with id ...
[06/Dec/2020:12:21:42] (P): Done cleanup. Flushing cache...
[06/Dec/2020:12:21:42] (P): Flushed cache. Removing temporary data..
[06/Dec/2020:12:21:42] (S): Done importing
[06/Dec/2020:12:21:42] (P): Busting elementor cache
[06/Dec/2020:12:21:42] (S): Front page set up with id: 106.
